--------------------------------
Image file not found ! Koni_Class_01.jpg 
--------------------------------
Image M88A2 set to M88A2_01.jpg
--------------------------------
Image Frog-7B set to Frog-7B_01.jpg
--------------------------------
Image file not found !  
--------------------------------
Image file not found ! BGM-109_01.jpg 
--------------------------------
Image M109A6 set to M109A6_01.jpg
--------------------------------
Image Technical-029_ZU-23-2 set to Technical-029_ZU-23-2_01.jpg
--------------------------------
Image file not found ! truck-028_M2_01.jpg 
--------------------------------
Image file not found ! truck-027_UB-16_01.jpg 
--------------------------------
Image Technical-023_ZU-23-1 set to Technical-023_ZU-23-1_01.jpg
--------------------------------
Image Technical-018_ZPU2 set to Technical-018_ZPU2_01.jpg
--------------------------------
Image Technical-018_RPK set to Technical-018_RPK_01.jpg
--------------------------------
Image Technical-017_ZU-23-2 set to Technical-017_ZU-23-2_01.jpg
--------------------------------
Image Technical-014_ZU-23-2 set to Technical-014_ZU-23-2_01.jpg
--------------------------------
Image Technical-013_ZPU-4 set to Technical-013_ZPU-4_01.jpg
--------------------------------
Image Technical-012_ZU-23-2 set to Technical-012_ZU-23-2_01.jpg
--------------------------------
Image file not found ! RC135_01.jpg 
--------------------------------
Image RQ_Predator_Medium_Altitude_Endurance_UAV set to RQ-1A_Predator_01.jpg
--------------------------------
Image file not found ! S-3B_viking_01.jpg 
--------------------------------
Image Boeing_ScanEagle set to ScanEagle_01.jpg
--------------------------------
Image file not found ! Silver_Fox_01.jpg 
--------------------------------
Image file not found ! Skylark_01.jpg 
--------------------------------
Image Su-24_Fencer set to SU-24_01.jpg
--------------------------------
Image Su-27_Flanker set to Su-27_01.jpg
--------------------------------
Image Su-30MKI set to Su-30MKI_01.jpg
--------------------------------
Image Su-30MKK set to Su-30MKK_01.jpg
--------------------------------
Image Su-37_multirole_fighter set to SU_37_01.jpg
--------------------------------
Image Goshawk_T-45A set to T-45a_Goshawk_01.jpg
--------------------------------
Image file not found ! U-2_Spy_plane_01.jpg 
--------------------------------
Image Bell_Boeing_V-22_Osprey set to V-22_01.jpg
--------------------------------
Image Warrior_ERMP set to Warrior_ERMP_01.jpg
--------------------------------
Image file not found ! Watchkeeper_01.jpg 
--------------------------------
Image file not found ! 2S12_01.jpg 
--------------------------------
Image file not found ! 57MM_S60_01.jpg 
--------------------------------
Image Type_WA_021_WAC-21_155mm_Gun-Howitzer set to G5_155mm_01.jpg
--------------------------------
Image KPV_TOWED set to KPV_TOWED_01.jpg
--------------------------------
Image M-220_Tow set to M-220_Tow_01.jpg
--------------------------------
Image file not found ! M115_HOW_01.jpg 
--------------------------------
Image M901_40-mm_machine_gun set to PAC3_M901_01.jpg
--------------------------------
Image A320_AirBus set to A320_01.jpg
--------------------------------
Image An-2-3_Colt set to AN-2_01.jpg
--------------------------------
Image file not found ! A-10_01.jpg 
--------------------------------
Image file not found ! BAe_Hawk_200_01.jpg 
--------------------------------
Image file not found ! Boeing_737_01.jpg 
--------------------------------
Image Boeing_747-400 set to Boeing_747_01.jpg
--------------------------------
Image C-12 set to C-12_Huron_01.jpg
--------------------------------
Image Lockheed_C-130 set to C-130_01.jpg
--------------------------------
Image C-141B_Starlifter set to C-141B_Starlifter_01.jpg
--------------------------------
Image file not found ! C23_Sherpa_01.jpg 
--------------------------------
Image file not found ! E2C_Hawkeye_01.jpg 
--------------------------------
Image Boeing_E-3_Sentry set to E3A_01.jpg
--------------------------------
Image EA-6_Prowler set to EA-6B_01.jpg
--------------------------------
Image F-15_Eagle set to F-15C_01.jpg
--------------------------------
Image F-15E set to F-15E_01.jpg
--------------------------------
Image F-16_Fighting_Falcon set to F16_01.jpg
--------------------------------
Image F-4_Phantom_II set to F4_Phantom_01.jpg
--------------------------------
Image McDonnell-Douglas_FA-18_Hornet set to FA-18C_01.jpg
--------------------------------
Image file not found ! HAWK_01.jpg 
--------------------------------
Image Il-76_Candid set to IL-76_01.jpg
--------------------------------
Image file not found ! J10_01.jpg 
--------------------------------
Image file not found ! Jaguar_01.jpg 
--------------------------------
Image McDonnell-Douglas_KC-10_Extender set to KC-10A_01.jpg
--------------------------------
Image Boeing_KC-135_Stratotanker set to KC-135_01.jpg
--------------------------------
Image file not found ! Boeing_B-52D_01.jpg 
--------------------------------
Image file not found ! L-159_01.jpg 
--------------------------------
Image MiG-25_Foxbat set to Mig-25_01.jpg
--------------------------------
Image MiG-29_Fulcrum set to MiG-29_01.jpg
--------------------------------
Image MiG-31_Foxhound set to MIG-31_01.jpg
--------------------------------
Image Mirage_2000 set to MIRAGE_2000C_01.jpg
--------------------------------
Image Mirage_F-1 set to Mirage_F1_01.jpg
--------------------------------
Image Pilatus_Flugzeugwerke_SA_PC-9 set to PC-9_01.jpg
--------------------------------
Image file not found ! Pelikan_01.jpg 
--------------------------------
Image AH-64D set to AH-64D_01.jpg
--------------------------------
Image ARH-70 set to ARH-70_01.jpg
--------------------------------
Image Boeing_Models_114/414 set to CH-47D_01.jpg
--------------------------------
Image FCS_UAV_Class_I set to Class_I_UAV_01.jpg
--------------------------------
Image file not found ! Class_II_UAV_01.jpg 
--------------------------------
Image file not found ! Class_III_UAV_01.jpg 
--------------------------------
Image FCS_UAV_Class_IV set to Class_IV_UAV_01.jpg
--------------------------------
Image MAV set to MAV_01.jpg
--------------------------------
Image Mi-2UPR set to Mi-2UPR_01.jpg
--------------------------------
Image Mi-28_Havoc set to MI-28_Havoc_01.jpg
--------------------------------
Image file not found ! RQ-8A_01.jpg 
--------------------------------
Image S-92_Sikorsky set to S-92_Sikorsky_01.jpg
--------------------------------
Image DDG-1000_Zumwalt set to DDG-1000_Zumwalt_01.jpg
--------------------------------
Image John_F-Kennedy_Class_Kitty_Hawk set to KittyHawk_01.jpg
--------------------------------
Image Sawar_Class_inshore_patrol_boat set to Patrolboat_Sing_01.jpg
--------------------------------
Image file not found ! AAVc7A_01.jpg 
--------------------------------
Image AMX-30 set to AMX-30_01.jpg
--------------------------------
Image file not found ! Armed_Robotic_Vehicle_ARV_01.jpg 
--------------------------------
Image AS90_155-mm set to AS_90_01.jpg
--------------------------------
Image BAE_Black_Knight set to BAE_Black_Knight_01.jpg
--------------------------------
Image BMD-2 set to BMD-2_01.jpg
--------------------------------
Image BMD-3 set to BMD-3_01.jpg
--------------------------------
Image BMP-2 set to BMP-2_01.jpg
--------------------------------
Image BV206 set to BV206_01.jpg
--------------------------------
Image C2V set to C2V_01.jpg
--------------------------------
Image Challenger_MBT set to Challenger1_01.jpg
--------------------------------
Image file not found ! S-200_SA-5_GAMMON_01.jpg 
--------------------------------
Image SA-2_Missile_Launcher set to Sa-2_01.jpg
--------------------------------
Image Type_63_130mm_Multiple_Rocket_Launcher_MRLa set to Type_63_MRL_01.jpg
--------------------------------
Image ZPU-4 set to ZPU-4_01.jpg
--------------------------------
Image ZU-23_twin_23mm_AA_Gun set to ZU_23_2_01.jpg
--------------------------------
Image Bell_Model_209_Hueycobra_Seacobra_Supercobra_AH-1W set to AH-1W_01.jpg
--------------------------------
Image McDonnell-Douglas_AH-64_Apache set to AH-64A_01.jpg
--------------------------------
Image file not found ! Command_and_Control_Vehicle_C2V_01.jpg 
--------------------------------
Image FV_101_Scorpion set to FV101_SCORPION_01.jpg
--------------------------------
Image FV_103_Spartan_APC set to FV103_Spartan_01.jpg
--------------------------------
Image FV_105_Sultan set to FV105_01.jpg
--------------------------------
Image Irobot_Packbot_Explorer set to Irobot_Packbot_Explorer_01.jpg
--------------------------------
Image Leclerc set to Leclerc_01.jpg
--------------------------------
Image Leopard_C2A1_MEXAS set to Leopard_C2A1_MEXAS_01.jpg
--------------------------------
Image FCS_MULE set to Multifunctional_Utility_Logistics_and_Equipment_MULE_Darpa_01.jpg
--------------------------------
Image M1A2 set to M1A2_01.jpg
--------------------------------
Image M60_Main_Battle_Tank_MBT set to M60A3_01.jpg
--------------------------------
Image FMC_M113_Armored_Personnel_Carrier_APC set to M113_01.jpg
--------------------------------
Image M901A1 set to M901A3_01.jpg
--------------------------------
Image FCS_Medical_Vehicle-Evacuation set to Medical_Vehicle_MV_01.jpg
--------------------------------
Image FCS_Armed_Robotic_vehicle-STA set to MULE_Armed_Robotic_Vehicule_ARVA-L_01.jpg
--------------------------------
Image FCS_MULE_Countermine set to MULE_Mine_Clearing_01.jpg
--------------------------------
Image FCS_MULE_Transport set to MULE_Transport_01.jpg
--------------------------------
Image RSV_Recon_and_Surveillance_Vehicle set to Multifunctional_Utility_Logistics_and_Equipment_MULE_Darpa_01.jpg
--------------------------------
Image FRMV_Recovery_and_Maintenance_Vehicle set to FRMV_Recovery_and_Maintenance_Vehicle_01.jpg
--------------------------------
Image FCS_Recon_and_Survey_Vehicle set to RSV_Recon_and_Surveillance_Vehicle_01.jpg
--------------------------------
Image FCS_Armed_Robotic_Vehicle-RSTA set to Robot_Talon_01.jpg
--------------------------------
Image Robot_Talon_GRENADE set to Robot_Talon_GRENADE_01.jpg
--------------------------------
Image Robot_Talon_SWORD set to Robot_Talon_SWORD_01.jpg
--------------------------------
Image SA-4_Ganef_SAM_System set to Sa-4_01.jpg
--------------------------------
Image SA-6_Gainful_SAM_System set to SA-6_01.jpg
--------------------------------
Image SA-19_Grison set to SA-19-Grison_01.jpg
--------------------------------
Image FCS_Small_Unattended_Ground_Vehicle set to Small_Unmanned_Ground_Vehicle_SUGV_01.jpg
--------------------------------
Image T-80_MBT set to T80UM1_01.jpg
--------------------------------
Image T-90_MBT set to T90_01.jpg
--------------------------------
Image Technical_019_DHSK set to Technical_019_DHSK_01.jpg
--------------------------------
Image Type_69 set to Type69_01.jpg
--------------------------------
Image Wiesel_Oselot set to Wiesel_Oselot_01.jpg
--------------------------------
Image ZSU-23_4_Quad_23mm_AAA set to ZSU23-4_01.jpg
--------------------------------
Image file not found ! 120mm_HE_01.jpg 
--------------------------------
Image file not found ! B-10_01.jpg 
--------------------------------
Image file not found ! DSHK_01.jpg 
--------------------------------
Image file not found ! DSHK-MOUNTED_01.jpg 
--------------------------------
Image file not found ! IED_01.jpg 
--------------------------------
Image file not found ! KPV-MOUNTED_01.jpg 
--------------------------------
Image file not found ! M2_STAND_01.jpg 
--------------------------------
Image file not found ! M2-MOUNTED_01.jpg 
--------------------------------
Image file not found ! M40_STAND_01.jpg 
--------------------------------
Image file not found ! MAG_GPNG_7-62_01.jpg 
--------------------------------
Image file not found ! MK_19_01.jpg 
--------------------------------
Image file not found ! Mortar_2B14_1_01.jpg 
--------------------------------
Image file not found ! Mortar_2S12_01.jpg 
--------------------------------
Image file not found ! TYPE63_ROCKET_01.jpg 
--------------------------------
Image file not found ! m220_01.jpg 
--------------------------------
Image file not found ! pac3_01.jpg 
--------------------------------
Image file not found ! airport_01.jpg 
--------------------------------
Image Alpha set to Alpha_01.jpg
--------------------------------
Image file not found ! Bearcat_01.jpg 
--------------------------------
Image BRDM-2_Reconnaissance_vehicle set to BRDM-2_01.jpg
--------------------------------
Image BTR-80 set to BTR-80_01.jpg
--------------------------------
Image BTR-152 set to BTR_152_01.jpg
--------------------------------
Image Buffalo set to Buffalo_01.jpg
--------------------------------
Image BULL set to BULL_01.jpg
--------------------------------
Image Caesar set to Caesar_01.jpg
--------------------------------
Image Caiman set to Caiman_01.jpg
--------------------------------
Image file not found ! Centauro_01.jpg 
--------------------------------
Image Cheetah set to Cheetah_01.jpg
--------------------------------
Image CHEVY_AFGHAN set to CHEVY_AFGHAN_01.jpg
--------------------------------
Image Cougar_Type set to Cougar_6X6_01.jpg
--------------------------------
Image Cougar_H_Series_4X4 set to Cougar_H_Series_4X4_01.jpg
--------------------------------
Image file not found ! Dana_Howitzer-77_01.jpg 
--------------------------------
Image Dingo set to Dingo_01.jpg
--------------------------------
Image file not found ! FCS_MULE_01.jpg 
--------------------------------
Image fennek set to fennek_01.jpg
--------------------------------
Image file not found ! Ford_01.jpg 
--------------------------------
Image FORD350_2_Utility set to FORD350_2_Utility_01.jpg
--------------------------------
Image G6_HOWITZER set to G6_HOWITZER_01.jpg
--------------------------------
Image GAZ-66_4x4_2000-kg_truck set to Gaz-66_01.jpg
--------------------------------
Image file not found ! GCD_01.jpg 
--------------------------------
Image GMC_Sierra_Utility set to GMC_Sierra_Utility_01.jpg
--------------------------------
Image file not found ! HMMWV_01.jpg 
--------------------------------
Image Husky set to Husky_01.jpg
--------------------------------
Image International_MaxxPro_MPV set to International_MaxxPro_MPV_01.jpg
--------------------------------
Image IVMMD_F-MDT set to IVMMD_F-MDT_01.jpg
--------------------------------
Image file not found ! IVMMD_S-MDT_01.jpg 
--------------------------------
Image IVMMD_T-MDT set to IVMMD_T-MDT_01.jpg
--------------------------------
Image KrAZ-255B_6x6_7500-kg_truck set to KRAZ_255_01.jpg
--------------------------------
Image Luggage_Cart-001 set to Luggage_Cart-001_01.jpg
--------------------------------
Image M1046_TOW_missile_carrier_supplemental_armor_with_winch set to M1046_01.jpg
--------------------------------
Image M1097 set to M1097_01.jpg
--------------------------------
Image M1117_Armored_Security_Vehicle set to M1117_01.jpg
--------------------------------
Image M1126_M2 set to M1126_M2_01.jpg
--------------------------------
Image M1127 set to M1127_01.jpg
--------------------------------
Image m1128 set to M1128_01.jpg
--------------------------------
Image M1130 set to M1130_01.jpg
--------------------------------
Image M1131 set to M1131_01.jpg
--------------------------------
Image M1133 set to M1133_01.jpg
--------------------------------
Image M1135 set to M1135_01.jpg
--------------------------------
Image file not found ! M_1089_01.jpg 
--------------------------------
Image file not found ! Meerkat_01.jpg 
--------------------------------
Image file not found ! Military_Bus_01.jpg 
--------------------------------
Image Oshkosh_MK48-series_articulated_8x8_vehicle set to Oshkosh_Bushmaster_01.jpg
--------------------------------
Image Pandur_II_6X6_KD-V30 set to Pandur_II_6X6_KD-V30_01.jpg
--------------------------------
Image file not found ! Pantsyr_S1_Air_Defense_01.jpg 
--------------------------------
Image patria set to patria_01.jpg
--------------------------------
Image RAFAEL_Golan set to RAFAEL_Golan_01.jpg
--------------------------------
Image RG-31 set to RG-31_01.jpg
--------------------------------
Image RG-33 set to RG-33_01.jpg
--------------------------------
Image file not found ! Stryker (M1126)_01.jpg 
--------------------------------
Image gun_ZPU-4 set to SuperWedge_Launcher_01.jpg
--------------------------------
Image Technical-001_ZPU-4 set to Technical-001_ZPU-4_01.jpg
--------------------------------
Image file not found ! Technical-002_Kornet_01.jpg 
--------------------------------
Image file not found ! Technical-004_M40_01.jpg 
--------------------------------
Image file not found ! Technical-005_DHSK_01.jpg 
--------------------------------
Image Technical-006_ZPU-2 set to Technical-006_ZPU-2_01.jpg
--------------------------------
Image Technical-007_B-10 set to Technical-007_B-10_01.jpg
--------------------------------
Image Technical-009_ZU-23-2 set to Technical-009_ZU-23-2_01.jpg
--------------------------------
Image Technical-010_Type_63 set to Technical-010_Type_63_01.jpg
--------------------------------
Image Technical-011_M2 set to Technical-011_M2_01.jpg
--------------------------------
Image Technical-015_M249 set to Technical-015_M249_01.jpg
--------------------------------
Image Technical-016_RPK set to Technical-016_RPK_01.jpg
--------------------------------
Image Technical-020_M2 set to Technical-020_M2_01.jpg
--------------------------------
Image Technical-021_B8M1 set to Technical-021_B8M1_01.jpg
--------------------------------
Image Technical-022_KPV set to Technical-022_KPV_01.jpg
--------------------------------
Image Technical-025_UB_16_57 set to Technical-025_UB_16_57_01.jpg
--------------------------------
Image Technical-027_UB-16 set to Technical-027_UB-16_01.jpg
--------------------------------
Image trailer_generator-001 set to trailer_generator-001_01.jpg
--------------------------------
Image trailer_generator-002 set to trailer_generator-002_01.jpg
--------------------------------
Image truck-010-jingle set to truck-010-jingle_01.jpg
--------------------------------
Image truck-024_usairways set to truck-024_usairways_01.jpg
--------------------------------
Image truck-025_united set to truck-025_united_01.jpg
--------------------------------
Image truck-029_united set to truck-029_united_01.jpg
--------------------------------
Image truck_007 set to truck_007_01.jpg
--------------------------------
Image truck_017B set to truck_017B_01.jpg
--------------------------------
Image UGV_MULE set to UGV_MULE_01.jpg
--------------------------------
Image VAB_APC set to VAB_4x4_01.jpg
--------------------------------
Image VBL set to VBL_01.jpg
--------------------------------
Image file not found ! Zil_01.jpg 
--------------------------------
Image ZILH131 set to ZILH131_01.jpg
