--------------------------------
--------------------------------
Product Koni  Class already exist
--------------------------------
Product M88A2 already exist
--------------------------------
Product Frog-7 rocket launcher already exist
--------------------------------
Product AT 105 Saxon already exist
--------------------------------
Product  already exist
--------------------------------
Product  already exist
--------------------------------
Product Technical-029  ZU-23-2 already exist
--------------------------------
Product truck-028  M2 already exist
--------------------------------
Product truck-027  UB-16 already exist
--------------------------------
Product  already exist
--------------------------------
Product  already exist
--------------------------------
Product  already exist
--------------------------------
Product  already exist
--------------------------------
Product  already exist
--------------------------------
Product  already exist
--------------------------------
Product  already exist
--------------------------------
Product Boeing  RC-135 already exist
--------------------------------
Product RQ  Predator  Medium  Altitude  Endurance  UAV already exist
--------------------------------
Product Lockheed  S-3  Viking already exist
--------------------------------
Product Boeing  ScanEagle already exist
--------------------------------
Product Silver  Fox already exist
--------------------------------
Product Skylark already exist
--------------------------------
Product Su-24  Fencer already exist
--------------------------------
Product Su-27  Flanker already exist
--------------------------------
Product Su-30MKI already exist
--------------------------------
Product Su-30MKK already exist
--------------------------------
Product Su-37  multirole  fighter already exist
--------------------------------
Product Goshawk  T-45A already exist
--------------------------------
Product Lockheed  U-2 already exist
--------------------------------
Product Bell  Boeing  V-22  Osprey already exist
--------------------------------
Product Warrior  ERMP already exist
--------------------------------
Product Watchkeeper already exist
--------------------------------
Product 2S12  120a-mm already exist
--------------------------------
Product S-60  57mm  AA  Gun already exist
--------------------------------
Product Type  WA  021  WAC-21  155mm  Gun-Howitzer already exist
--------------------------------
Product KPV  TOWED already exist
--------------------------------
Product M-220  Tow already exist
--------------------------------
Product M115  8-inch  Howitzer already exist
--------------------------------
Product M901  40-mm  machine  gun already exist
--------------------------------
Product A320  AirBus already exist
--------------------------------
Product An-2-3  Colt already exist
--------------------------------
Product Fairchild  Republic  A-10  Thunderbolt  II already exist
--------------------------------
Product Bae  Hawk already exist
--------------------------------
Product Boeing  737 already exist
--------------------------------
Product Boeing  747-400 already exist
--------------------------------
Product C-12 already exist
--------------------------------
Product Lockheed  C-130 already exist
--------------------------------
Product C-141B  Starlifter already exist
--------------------------------
Product C-23A  Sherpa already exist
--------------------------------
Product E-2  Hawkeye already exist
--------------------------------
Product Boeing  E-3  Sentry already exist
--------------------------------
Product EA-6  Prowler already exist
--------------------------------
Product F-15  Eagle already exist
--------------------------------
Product F-15E already exist
--------------------------------
Product F-16  Fighting  Falcon already exist
--------------------------------
Product F-4  Phantom  II already exist
--------------------------------
Product McDonnell-Douglas  FA-18  Hornet already exist
--------------------------------
Product MIM-23B I-Hawk already exist
--------------------------------
Product Il-76  Candid already exist
--------------------------------
Product J10 already exist
--------------------------------
Product Jaguar already exist
--------------------------------
Product McDonnell-Douglas  KC-10  Extender already exist
--------------------------------
Product Boeing  KC-135  Stratotanker already exist
--------------------------------
Product Boeing  B-52  Stratofortress already exist
--------------------------------
Product Aero  L-159 already exist
--------------------------------
Product MiG-25  Foxbat already exist
--------------------------------
Product MiG-29  Fulcrum already exist
--------------------------------
Product MiG-31  Foxhound already exist
--------------------------------
Product Mirage  2000 already exist
--------------------------------
Product Mirage  F-1 already exist
--------------------------------
Product Pilatus  Flugzeugwerke  SA  PC-9 already exist
--------------------------------
Product Pelikan already exist
--------------------------------
Product AH-64D already exist
--------------------------------
Product ARH-70 already exist
--------------------------------
Created product = Boeing  Models  114/414 
     File Format = <django.db.models.fields.related.ManyRelatedManager object at 0x1534430> 
            Slug = boeing_models_114_414 
        Category = Cargo helicopter 
--------------------------------
Product FCS  UAV  Class  I already exist
--------------------------------
Product FCS  UAV  Class  II already exist
--------------------------------
Product FCS  UAV  Class  III already exist
--------------------------------
Product FCS  UAV  Class  IV already exist
--------------------------------
Product MAV already exist
--------------------------------
Product Mi-2UPR already exist
--------------------------------
Product Mi-28  Havoc already exist
--------------------------------
Product RQ-8A already exist
--------------------------------
Product Sikorsky  S-92 already exist
--------------------------------
Product DDG-1000  Zumwalt already exist
--------------------------------
Product John  F-Kennedy  Class  Kitty  Hawk already exist
--------------------------------
Product Sawar  Class  inshore  patrol  boat already exist
--------------------------------
Product FMC  AAV7A1  LVTP7A1 already exist
--------------------------------
Product AMX-30 already exist
--------------------------------
Product Buffel  ARV already exist
--------------------------------
Product AS90  155-mm already exist
--------------------------------
Product BAE  Black  Knight already exist
--------------------------------
Product BMD-2 already exist
--------------------------------
Product BMD-3 already exist
--------------------------------
Product BMP-2 already exist
--------------------------------
Product BV206 already exist
--------------------------------
Product C2V already exist
--------------------------------
Product Challenger  MBT already exist
--------------------------------
Product SA-5  Gammon  SAM  System already exist
--------------------------------
Product SA-2  Missile  Launcher already exist
--------------------------------
Product Type  63  130mm  Multiple  Rocket  Launcher  MRL already exist
--------------------------------
Product ZPU-4 already exist
--------------------------------
Product ZU-23  twin  23mm  AA  Gun already exist
--------------------------------
Product Bell  Model  209   Hueycobra  Seacobra  Supercobra  AH-1W already exist
--------------------------------
Product McDonnell-Douglas  AH-64  Apache already exist
--------------------------------
Product FCS  Command  and  Control  Vehicle already exist
--------------------------------
Product FV  101  Scorpion already exist
--------------------------------
Product FV  103  Spartan  APC already exist
--------------------------------
Product FV  105  Sultan already exist
--------------------------------
Product Irobot  Packbot  Explorer already exist
--------------------------------
Product Leclerc already exist
--------------------------------
Product Leopard  C2A1  MEXAS already exist
--------------------------------
Product FCS  MULE already exist
--------------------------------
Product M1A2 already exist
--------------------------------
Product M60  Main  Battle  Tank  MBT already exist
--------------------------------
Product FMC  M113  Armored  Personnel  Carrier  APC already exist
--------------------------------
Product M901A1 already exist
--------------------------------
Product FCS  Medical  Vehicle-Evacuation already exist
--------------------------------
Product FCS  Armed  Robotic  vehicle-STA already exist
--------------------------------
Product FCS  MULE  Countermine already exist
--------------------------------
Product FCS  MULE  Transport already exist
--------------------------------
Product RSV  Recon  and  Surveillance  Vehicle already exist
--------------------------------
Product FRMV  Recovery  and  Maintenance  Vehicle already exist
--------------------------------
Product FCS  Recon  and  Survey  Vehicle already exist
--------------------------------
Product FCS  Armed  Robotic  Vehicle-RSTA already exist
--------------------------------
Product Robot  Talon  GRENADE already exist
--------------------------------
Product Robot  Talon  SWORD already exist
--------------------------------
Product SA-4  Ganef  SAM  System already exist
--------------------------------
Product SA-6  Gainful  SAM  System already exist
--------------------------------
Product SA-19  Grison already exist
--------------------------------
Product FCS  Small  Unattended  Ground  Vehicle already exist
--------------------------------
Product T-80  MBT already exist
--------------------------------
Product T-90  MBT already exist
--------------------------------
Product Technical  019  DHSK already exist
--------------------------------
Product Type  69 already exist
--------------------------------
Product Wiesel  Oselot already exist
--------------------------------
Product ZSU-23  4  Quad  23mm  AAA already exist
--------------------------------
Product 120  mm  HE  FRAG already exist
--------------------------------
Product B-10  82-mm  recoilless  gun already exist
--------------------------------
Product DSHK already exist
--------------------------------
Product DSHK-MOUNTED already exist
--------------------------------
Product IED already exist
--------------------------------
Product KPV-MOUNTED already exist
--------------------------------
Product M2  60-mm already exist
--------------------------------
Product M2-MOUNTED already exist
--------------------------------
Product 106  mm  RCL40  M40 already exist
--------------------------------
Product Magnum already exist
--------------------------------
Product Mk  19  40-mm already exist
--------------------------------
Product Mortar  2B14  1 already exist
--------------------------------
Product 2S12  120-mm already exist
--------------------------------
Product Type  63  130mm  Multiple  Rocket  Launcher  MRL already exist
--------------------------------
Product m220 already exist
--------------------------------
Product pac3 already exist
--------------------------------
Product airport already exist
--------------------------------
Product Alpha already exist
--------------------------------
Product Bearcat already exist
--------------------------------
Product BRDM-2  Reconnaissance  vehicle already exist
--------------------------------
Product BTR-80 already exist
--------------------------------
Product BTR-152 already exist
--------------------------------
Product Buffalo already exist
--------------------------------
Product BULL already exist
--------------------------------
Product Caesar already exist
--------------------------------
Product Caiman already exist
--------------------------------
Product Centauro  B-1 already exist
--------------------------------
Product Cheetah already exist
--------------------------------
Product CHEVY  AFGHAN already exist
--------------------------------
Product Cougar  Type already exist
--------------------------------
Product Cougar  H  Series  4X4 already exist
--------------------------------
Product Dana  Howitzer-77 already exist
--------------------------------
Product ATF Dingo already exist
--------------------------------
Product FCSa  MULE already exist
--------------------------------
Product  already exist
--------------------------------
Product Ford already exist
--------------------------------
Product FORD350  2  Utility already exist
--------------------------------
Product G6 155-mm Howitzer already exist
--------------------------------
Product GAZ-66  4x4  2000-kg  truck already exist
--------------------------------
Product GCD already exist
--------------------------------
Product GMC  Sierra  Utility already exist
--------------------------------
Product LTV  HMMWV  M998-series  multipurpose  wheeled  vehicles already exist
--------------------------------
Product Husky already exist
--------------------------------
Product International  MaxxPro  MPV already exist
--------------------------------
Product IVMMD  F-MDT already exist
--------------------------------
Product IVMMD  S-MDT already exist
--------------------------------
Product IVMMD  T-MDT already exist
--------------------------------
Product KrAZ-255B  6x6  7500-kg  truck already exist
--------------------------------
Product Luggage  Cart-001 already exist
--------------------------------
Product M1046  TOW  missile  carrier  supplemental  armor  with  winch already exist
--------------------------------
Product M1097 already exist
--------------------------------
Product M1117  Armored  Security  Vehicle already exist
--------------------------------
Product M1126  M2 already exist
--------------------------------
Product M1127 already exist
--------------------------------
Product m1128 already exist
--------------------------------
Product M1130 already exist
--------------------------------
Product M1131 already exist
--------------------------------
Product M1133 already exist
--------------------------------
Product M1135 already exist
--------------------------------
Product M1089  Truck  Wrecker  MTV  Equip  Winch already exist
--------------------------------
Product Meerkat already exist
--------------------------------
Product Bus already exist
--------------------------------
Product Oshkosh  MK48-series  articulated  8x8  vehicle already exist
--------------------------------
Product Pandur  II  6X6  KD-V30 already exist
--------------------------------
Product Pantsyr  S1  Air  Defense already exist
--------------------------------
Product patria already exist
--------------------------------
Product RAFAEL  Golan already exist
--------------------------------
Product RG-31 already exist
--------------------------------
Product RG-33 already exist
--------------------------------
Product Stryker  Reconnaissance  Vehicle  MK  240  7-62  mm  machine already exist
--------------------------------
Product gun already exist
--------------------------------
Product Technical-001  ZPU-4 already exist
--------------------------------
Product Technical-002  Kornet already exist
--------------------------------
Product Technical-004  M40 already exist
--------------------------------
Product Technical-005  DHSK already exist
--------------------------------
Product Technical-006  ZPU-2 already exist
--------------------------------
Product Technical-007  B-10 already exist
--------------------------------
Product Technical-009  ZU-23-2 already exist
--------------------------------
Product Technical-010  Type  63 already exist
--------------------------------
Product Technical-011  M2 already exist
--------------------------------
Product Technical-015  M249 already exist
--------------------------------
Product Technical-016  RPK already exist
--------------------------------
Product Technical-020  M2 already exist
--------------------------------
Product Technical-021  B8M1 already exist
--------------------------------
Product Technical-022  KPV already exist
--------------------------------
Product Technical-025  UB  16  57 already exist
--------------------------------
Product Technical-027  UB-16 already exist
--------------------------------
Product trailer  generator-001 already exist
--------------------------------
Product trailer  generator-002 already exist
--------------------------------
Product truck-010-jingle already exist
--------------------------------
Product truck-024  usairways already exist
--------------------------------
Product truck-025  united already exist
--------------------------------
Product truck-029  united already exist
--------------------------------
Product truck  007 already exist
--------------------------------
Product truck  017B already exist
--------------------------------
Product UGV  MULE already exist
--------------------------------
Product VAB  APC already exist
--------------------------------
Product VBL already exist
--------------------------------
Product Zil already exist
--------------------------------
Product ZILH131 already exist
